{"$message_type":"diagnostic","message":"the trait bound `usize: RangeBounds<usize>` is not satisfied","code":{"code":"E0277","explanation":"You tried to use a type which doesn't implement some trait in a place which\nexpected that trait.\n\nErroneous code example:\n\n```compile_fail,E0277\n// here we declare the Foo trait with a bar method\ntrait Foo {\n    fn bar(&self);\n}\n\n// we now declare a function which takes an object implementing the Foo trait\nfn some_func<T: Foo>(foo: T) {\n    foo.bar();\n}\n\nfn main() {\n    // we now call the method with the i32 type, which doesn't implement\n    // the Foo trait\n    some_func(5i32); // error: the trait bound `i32 : Foo` is not satisfied\n}\n```\n\nIn order to fix this error, verify that the type you're using does implement\nthe trait. Example:\n\n```\ntrait Foo {\n    fn bar(&self);\n}\n\n// we implement the trait on the i32 type\nimpl Foo for i32 {\n    fn bar(&self) {}\n}\n\nfn some_func<T: Foo>(foo: T) {\n    foo.bar(); // we can now use this method since i32 implements the\n               // Foo trait\n}\n\nfn main() {\n    some_func(5i32); // ok!\n}\n```\n\nOr in a generic context, an erroneous code example would look like:\n\n```compile_fail,E0277\nfn some_func<T>(foo: T) {\n    println!(\"{:?}\", foo); // error: the trait `core::fmt::Debug` is not\n                           //        implemented for the type `T`\n}\n\nfn main() {\n    // We now call the method with the i32 type,\n    // which *does* implement the Debug trait.\n    some_func(5i32);\n}\n```\n\nNote that the error here is in the definition of the generic function. Although\nwe only call it with a parameter that does implement `Debug`, the compiler\nstill rejects the function. It must work with all possible input types. In\norder to make this example compile, we need to restrict the generic type we're\naccepting:\n\n```\nuse std::fmt;\n\n// Restrict the input type to types that implement Debug.\nfn some_func<T: fmt::Debug>(foo: T) {\n    println!(\"{:?}\", foo);\n}\n\nfn main() {\n    // Calling the method is still fine, as i32 implements Debug.\n    some_func(5i32);\n\n    // This would fail to compile now:\n    // struct WithoutDebug;\n    // some_func(WithoutDebug);\n}\n```\n\nRust only looks at the signature of the called function, as such it must\nalready specify all requirements that will be used for every type parameter.\n"},"level":"error","spans":[{"file_name":"/home/akshxdevs/.cargo/registry/src/index.crates.io-1949cf8c6b5b557f/protobuf-1.5.1/src/buf_read_iter.rs","byte_start":6715,"byte_end":6734,"line_start":230,"line_end":230,"column_start":33,"column_end":52,"is_primary":true,"text":[{"text":"            let r = bytes.slice(self.pos_within_buf, self.pos_within_buf + len);","highlight_start":33,"highlight_end":52}],"label":"the trait `RangeBounds<usize>` is not implemented for `usize`","suggested_replacement":null,"suggestion_applicability":null,"expansion":null},{"file_name":"/home/akshxdevs/.cargo/registry/src/index.crates.io-1949cf8c6b5b557f/protobuf-1.5.1/src/buf_read_iter.rs","byte_start":6709,"byte_end":6714,"line_start":230,"line_end":230,"column_start":27,"column_end":32,"is_primary":false,"text":[{"text":"            let r = bytes.slice(self.pos_within_buf, self.pos_within_buf + len);","highlight_start":27,"highlight_end":32}],"label":"required by a bound introduced by this call","suggested_replacement":null,"suggestion_applicability":null,"expansion":null}],"children":[{"message":"required by a bound in `bytes::Bytes::slice`","code":null,"level":"note","spans":[{"file_name":"/home/akshxdevs/.cargo/registry/src/index.crates.io-1949cf8c6b5b557f/bytes-0.6.0/src/bytes.rs","byte_start":6997,"byte_end":7015,"line_start":228,"line_end":228,"column_start":37,"column_end":55,"is_primary":true,"text":[{"text":"    pub fn slice(&self, range: impl RangeBounds<usize>) -> Bytes {","highlight_start":37,"highlight_end":55}],"label":"required by this bound in `Bytes::slice`","suggested_replacement":null,"suggestion_applicability":null,"expansion":null}],"children":[],"rendered":null}],"rendered":"\u001b[0m\u001b[1m\u001b[38;5;9merror[E0277]\u001b[0m\u001b[0m\u001b[1m: the trait bound `usize: RangeBounds<usize>` is not satisfied\u001b[0m\n\u001b[0m   \u001b[0m\u001b[0m\u001b[1m\u001b[38;5;12m--> \u001b[0m\u001b[0m/home/akshxdevs/.cargo/registry/src/index.crates.io-1949cf8c6b5b557f/protobuf-1.5.1/src/buf_read_iter.rs:230:33\u001b[0m\n\u001b[0m    \u001b[0m\u001b[0m\u001b[1m\u001b[38;5;12m|\u001b[0m\n\u001b[0m\u001b[1m\u001b[38;5;12m230\u001b[0m\u001b[0m \u001b[0m\u001b[0m\u001b[1m\u001b[38;5;12m|\u001b[0m\u001b[0m \u001b[0m\u001b[0m            let r = bytes.slice(self.pos_within_buf, self.pos_within_buf + len);\u001b[0m\n\u001b[0m    \u001b[0m\u001b[0m\u001b[1m\u001b[38;5;12m|\u001b[0m\u001b[0m                           \u001b[0m\u001b[0m\u001b[1m\u001b[38;5;12m-----\u001b[0m\u001b[0m \u001b[0m\u001b[0m\u001b[1m\u001b[38;5;9m^^^^^^^^^^^^^^^^^^^\u001b[0m\u001b[0m \u001b[0m\u001b[0m\u001b[1m\u001b[38;5;9mthe trait `RangeBounds<usize>` is not implemented for `usize`\u001b[0m\n\u001b[0m    \u001b[0m\u001b[0m\u001b[1m\u001b[38;5;12m|\u001b[0m\u001b[0m                           \u001b[0m\u001b[0m\u001b[1m\u001b[38;5;12m|\u001b[0m\n\u001b[0m    \u001b[0m\u001b[0m\u001b[1m\u001b[38;5;12m|\u001b[0m\u001b[0m                           \u001b[0m\u001b[0m\u001b[1m\u001b[38;5;12mrequired by a bound introduced by this call\u001b[0m\n\u001b[0m    \u001b[0m\u001b[0m\u001b[1m\u001b[38;5;12m|\u001b[0m\n\u001b[0m\u001b[1m\u001b[38;5;10mnote\u001b[0m\u001b[0m: required by a bound in `bytes::Bytes::slice`\u001b[0m\n\u001b[0m   \u001b[0m\u001b[0m\u001b[1m\u001b[38;5;12m--> \u001b[0m\u001b[0m/home/akshxdevs/.cargo/registry/src/index.crates.io-1949cf8c6b5b557f/bytes-0.6.0/src/bytes.rs:228:37\u001b[0m\n\u001b[0m    \u001b[0m\u001b[0m\u001b[1m\u001b[38;5;12m|\u001b[0m\n\u001b[0m\u001b[1m\u001b[38;5;12m228\u001b[0m\u001b[0m \u001b[0m\u001b[0m\u001b[1m\u001b[38;5;12m|\u001b[0m\u001b[0m \u001b[0m\u001b[0m    pub fn slice(&self, range: impl RangeBounds<usize>) -> Bytes {\u001b[0m\n\u001b[0m    \u001b[0m\u001b[0m\u001b[1m\u001b[38;5;12m|\u001b[0m\u001b[0m                                     \u001b[0m\u001b[0m\u001b[1m\u001b[38;5;10m^^^^^^^^^^^^^^^^^^\u001b[0m\u001b[0m \u001b[0m\u001b[0m\u001b[1m\u001b[38;5;10mrequired by this bound in `Bytes::slice`\u001b[0m\n\n"}
{"$message_type":"diagnostic","message":"this method takes 1 argument but 2 arguments were supplied","code":{"code":"E0061","explanation":"An invalid number of arguments was passed when calling a function.\n\nErroneous code example:\n\n```compile_fail,E0061\nfn f(u: i32) {}\n\nf(); // error!\n```\n\nThe number of arguments passed to a function must match the number of arguments\nspecified in the function signature.\n\nFor example, a function like:\n\n```\nfn f(a: u16, b: &str) {}\n```\n\nMust always be called with exactly two arguments, e.g., `f(2, \"test\")`.\n\nNote that Rust does not have a notion of optional function arguments or\nvariadic functions (except for its C-FFI).\n"},"level":"error","spans":[{"file_name":"/home/akshxdevs/.cargo/registry/src/index.crates.io-1949cf8c6b5b557f/protobuf-1.5.1/src/buf_read_iter.rs","byte_start":6736,"byte_end":6761,"line_start":230,"line_end":230,"column_start":54,"column_end":79,"is_primary":false,"text":[{"text":"            let r = bytes.slice(self.pos_within_buf, self.pos_within_buf + len);","highlight_start":54,"highlight_end":79}],"label":"unexpected argument #2 of type `usize`","suggested_replacement":null,"suggestion_applicability":null,"expansion":null},{"file_name":"/home/akshxdevs/.cargo/registry/src/index.crates.io-1949cf8c6b5b557f/protobuf-1.5.1/src/buf_read_iter.rs","byte_start":6709,"byte_end":6714,"line_start":230,"line_end":230,"column_start":27,"column_end":32,"is_primary":true,"text":[{"text":"            let r = bytes.slice(self.pos_within_buf, self.pos_within_buf + len);","highlight_start":27,"highlight_end":32}],"label":null,"suggested_replacement":null,"suggestion_applicability":null,"expansion":null}],"children":[{"message":"method defined here","code":null,"level":"note","spans":[{"file_name":"/home/akshxdevs/.cargo/registry/src/index.crates.io-1949cf8c6b5b557f/bytes-0.6.0/src/bytes.rs","byte_start":6972,"byte_end":6977,"line_start":228,"line_end":228,"column_start":12,"column_end":17,"is_primary":true,"text":[{"text":"    pub fn slice(&self, range: impl RangeBounds<usize>) -> Bytes {","highlight_start":12,"highlight_end":17}],"label":null,"suggested_replacement":null,"suggestion_applicability":null,"expansion":null}],"children":[],"rendered":null},{"message":"remove the extra argument","code":null,"level":"help","spans":[{"file_name":"/home/akshxdevs/.cargo/registry/src/index.crates.io-1949cf8c6b5b557f/protobuf-1.5.1/src/buf_read_iter.rs","byte_start":6734,"byte_end":6761,"line_start":230,"line_end":230,"column_start":52,"column_end":79,"is_primary":true,"text":[{"text":"            let r = bytes.slice(self.pos_within_buf, self.pos_within_buf + len);","highlight_start":52,"highlight_end":79}],"label":null,"suggested_replacement":"","suggestion_applicability":"HasPlaceholders","expansion":null}],"children":[],"rendered":null}],"rendered":"\u001b[0m\u001b[1m\u001b[38;5;9merror[E0061]\u001b[0m\u001b[0m\u001b[1m: this method takes 1 argument but 2 arguments were supplied\u001b[0m\n\u001b[0m   \u001b[0m\u001b[0m\u001b[1m\u001b[38;5;12m--> \u001b[0m\u001b[0m/home/akshxdevs/.cargo/registry/src/index.crates.io-1949cf8c6b5b557f/protobuf-1.5.1/src/buf_read_iter.rs:230:27\u001b[0m\n\u001b[0m    \u001b[0m\u001b[0m\u001b[1m\u001b[38;5;12m|\u001b[0m\n\u001b[0m\u001b[1m\u001b[38;5;12m230\u001b[0m\u001b[0m \u001b[0m\u001b[0m\u001b[1m\u001b[38;5;12m|\u001b[0m\u001b[0m \u001b[0m\u001b[0m            let r = bytes.slice(self.pos_within_buf, self.pos_within_buf + len);\u001b[0m\n\u001b[0m    \u001b[0m\u001b[0m\u001b[1m\u001b[38;5;12m|\u001b[0m\u001b[0m                           \u001b[0m\u001b[0m\u001b[1m\u001b[38;5;9m^^^^^\u001b[0m\u001b[0m                      \u001b[0m\u001b[0m\u001b[1m\u001b[38;5;12m-------------------------\u001b[0m\u001b[0m \u001b[0m\u001b[0m\u001b[1m\u001b[38;5;12munexpected argument #2 of type `usize`\u001b[0m\n\u001b[0m    \u001b[0m\u001b[0m\u001b[1m\u001b[38;5;12m|\u001b[0m\n\u001b[0m\u001b[1m\u001b[38;5;10mnote\u001b[0m\u001b[0m: method defined here\u001b[0m\n\u001b[0m   \u001b[0m\u001b[0m\u001b[1m\u001b[38;5;12m--> \u001b[0m\u001b[0m/home/akshxdevs/.cargo/registry/src/index.crates.io-1949cf8c6b5b557f/bytes-0.6.0/src/bytes.rs:228:12\u001b[0m\n\u001b[0m    \u001b[0m\u001b[0m\u001b[1m\u001b[38;5;12m|\u001b[0m\n\u001b[0m\u001b[1m\u001b[38;5;12m228\u001b[0m\u001b[0m \u001b[0m\u001b[0m\u001b[1m\u001b[38;5;12m|\u001b[0m\u001b[0m \u001b[0m\u001b[0m    pub fn slice(&self, range: impl RangeBounds<usize>) -> Bytes {\u001b[0m\n\u001b[0m    \u001b[0m\u001b[0m\u001b[1m\u001b[38;5;12m|\u001b[0m\u001b[0m            \u001b[0m\u001b[0m\u001b[1m\u001b[38;5;10m^^^^^\u001b[0m\n\u001b[0m\u001b[1m\u001b[38;5;14mhelp\u001b[0m\u001b[0m: remove the extra argument\u001b[0m\n\u001b[0m    \u001b[0m\u001b[0m\u001b[1m\u001b[38;5;12m|\u001b[0m\n\u001b[0m\u001b[1m\u001b[38;5;12m230\u001b[0m\u001b[0m \u001b[0m\u001b[0m\u001b[38;5;9m- \u001b[0m\u001b[0m            let r = bytes.slice(self.pos_within_buf\u001b[0m\u001b[0m\u001b[38;5;9m, self.pos_within_buf + len\u001b[0m\u001b[0m);\u001b[0m\n\u001b[0m\u001b[1m\u001b[38;5;12m230\u001b[0m\u001b[0m \u001b[0m\u001b[0m\u001b[38;5;10m+ \u001b[0m\u001b[0m            let r = bytes.slice(self.pos_within_buf);\u001b[0m\n\u001b[0m    \u001b[0m\u001b[0m\u001b[1m\u001b[38;5;12m|\u001b[0m\n\n"}
{"$message_type":"diagnostic","message":"mismatched types","code":{"code":"E0308","explanation":"Expected type did not match the received type.\n\nErroneous code examples:\n\n```compile_fail,E0308\nfn plus_one(x: i32) -> i32 {\n    x + 1\n}\n\nplus_one(\"Not a number\");\n//       ^^^^^^^^^^^^^^ expected `i32`, found `&str`\n\nif \"Not a bool\" {\n// ^^^^^^^^^^^^ expected `bool`, found `&str`\n}\n\nlet x: f32 = \"Not a float\";\n//     ---   ^^^^^^^^^^^^^ expected `f32`, found `&str`\n//     |\n//     expected due to this\n```\n\nThis error occurs when an expression was used in a place where the compiler\nexpected an expression of a different type. It can occur in several cases, the\nmost common being when calling a function and passing an argument which has a\ndifferent type than the matching type in the function declaration.\n"},"level":"error","spans":[{"file_name":"/home/akshxdevs/.cargo/registry/src/index.crates.io-1949cf8c6b5b557f/protobuf-1.5.1/src/buf_read_iter.rs","byte_start":7029,"byte_end":7032,"line_start":238,"line_end":238,"column_start":37,"column_end":40,"is_primary":true,"text":[{"text":"                    self.read_exact(buf)?;","highlight_start":37,"highlight_end":40}],"label":"expected `&mut [u8]`, found `&mut UninitSlice`","suggested_replacement":null,"suggestion_applicability":null,"expansion":null},{"file_name":"/home/akshxdevs/.cargo/registry/src/index.crates.io-1949cf8c6b5b557f/protobuf-1.5.1/src/buf_read_iter.rs","byte_start":7018,"byte_end":7028,"line_start":238,"line_end":238,"column_start":26,"column_end":36,"is_primary":false,"text":[{"text":"                    self.read_exact(buf)?;","highlight_start":26,"highlight_end":36}],"label":"arguments to this method are incorrect","suggested_replacement":null,"suggestion_applicability":null,"expansion":null}],"children":[{"message":"expected mutable reference `&mut [u8]`\n   found mutable reference `&mut UninitSlice`","code":null,"level":"note","spans":[],"children":[],"rendered":null},{"message":"method defined here","code":null,"level":"note","spans":[{"file_name":"/home/akshxdevs/.cargo/registry/src/index.crates.io-1949cf8c6b5b557f/protobuf-1.5.1/src/buf_read_iter.rs","byte_start":7514,"byte_end":7532,"line_start":257,"line_end":257,"column_start":34,"column_end":52,"is_primary":false,"text":[{"text":"    pub fn read_exact(&mut self, mut buf: &mut [u8]) -> ProtobufResult<()> {","highlight_start":34,"highlight_end":52}],"label":"","suggested_replacement":null,"suggestion_applicability":null,"expansion":null},{"file_name":"/home/akshxdevs/.cargo/registry/src/index.crates.io-1949cf8c6b5b557f/protobuf-1.5.1/src/buf_read_iter.rs","byte_start":7492,"byte_end":7502,"line_start":257,"line_end":257,"column_start":12,"column_end":22,"is_primary":true,"text":[{"text":"    pub fn read_exact(&mut self, mut buf: &mut [u8]) -> ProtobufResult<()> {","highlight_start":12,"highlight_end":22}],"label":null,"suggested_replacement":null,"suggestion_applicability":null,"expansion":null}],"children":[],"rendered":null}],"rendered":"\u001b[0m\u001b[1m\u001b[38;5;9merror[E0308]\u001b[0m\u001b[0m\u001b[1m: mismatched types\u001b[0m\n\u001b[0m   \u001b[0m\u001b[0m\u001b[1m\u001b[38;5;12m--> \u001b[0m\u001b[0m/home/akshxdevs/.cargo/registry/src/index.crates.io-1949cf8c6b5b557f/protobuf-1.5.1/src/buf_read_iter.rs:238:37\u001b[0m\n\u001b[0m    \u001b[0m\u001b[0m\u001b[1m\u001b[38;5;12m|\u001b[0m\n\u001b[0m\u001b[1m\u001b[38;5;12m238\u001b[0m\u001b[0m \u001b[0m\u001b[0m\u001b[1m\u001b[38;5;12m|\u001b[0m\u001b[0m \u001b[0m\u001b[0m                    self.read_exact(buf)?;\u001b[0m\n\u001b[0m    \u001b[0m\u001b[0m\u001b[1m\u001b[38;5;12m|\u001b[0m\u001b[0m                          \u001b[0m\u001b[0m\u001b[1m\u001b[38;5;12m----------\u001b[0m\u001b[0m \u001b[0m\u001b[0m\u001b[1m\u001b[38;5;9m^^^\u001b[0m\u001b[0m \u001b[0m\u001b[0m\u001b[1m\u001b[38;5;9mexpected `&mut [u8]`, found `&mut UninitSlice`\u001b[0m\n\u001b[0m    \u001b[0m\u001b[0m\u001b[1m\u001b[38;5;12m|\u001b[0m\u001b[0m                          \u001b[0m\u001b[0m\u001b[1m\u001b[38;5;12m|\u001b[0m\n\u001b[0m    \u001b[0m\u001b[0m\u001b[1m\u001b[38;5;12m|\u001b[0m\u001b[0m                          \u001b[0m\u001b[0m\u001b[1m\u001b[38;5;12marguments to this method are incorrect\u001b[0m\n\u001b[0m    \u001b[0m\u001b[0m\u001b[1m\u001b[38;5;12m|\u001b[0m\n\u001b[0m    \u001b[0m\u001b[0m\u001b[1m\u001b[38;5;12m= \u001b[0m\u001b[0m\u001b[1mnote\u001b[0m\u001b[0m: expected mutable reference `&mut \u001b[0m\u001b[0m\u001b[1m\u001b[35m[u8]\u001b[0m\u001b[0m`\u001b[0m\n\u001b[0m               found mutable reference `&mut \u001b[0m\u001b[0m\u001b[1m\u001b[35mUninitSlice\u001b[0m\u001b[0m`\u001b[0m\n\u001b[0m\u001b[1m\u001b[38;5;10mnote\u001b[0m\u001b[0m: method defined here\u001b[0m\n\u001b[0m   \u001b[0m\u001b[0m\u001b[1m\u001b[38;5;12m--> \u001b[0m\u001b[0m/home/akshxdevs/.cargo/registry/src/index.crates.io-1949cf8c6b5b557f/protobuf-1.5.1/src/buf_read_iter.rs:257:12\u001b[0m\n\u001b[0m    \u001b[0m\u001b[0m\u001b[1m\u001b[38;5;12m|\u001b[0m\n\u001b[0m\u001b[1m\u001b[38;5;12m257\u001b[0m\u001b[0m \u001b[0m\u001b[0m\u001b[1m\u001b[38;5;12m|\u001b[0m\u001b[0m \u001b[0m\u001b[0m    pub fn read_exact(&mut self, mut buf: &mut [u8]) -> ProtobufResult<()> {\u001b[0m\n\u001b[0m    \u001b[0m\u001b[0m\u001b[1m\u001b[38;5;12m|\u001b[0m\u001b[0m            \u001b[0m\u001b[0m\u001b[1m\u001b[38;5;10m^^^^^^^^^^\u001b[0m\u001b[0m            \u001b[0m\u001b[0m\u001b[1m\u001b[38;5;12m------------------\u001b[0m\n\n"}
{"$message_type":"diagnostic","message":"borrowed data escapes outside of associated function","code":{"code":"E0521","explanation":"Borrowed data escapes outside of closure.\n\nErroneous code example:\n\n```compile_fail,E0521\nlet mut list: Vec<&str> = Vec::new();\n\nlet _add = |el: &str| {\n    list.push(el); // error: `el` escapes the closure body here\n};\n```\n\nA type annotation of a closure parameter implies a new lifetime declaration.\nConsider to drop it, the compiler is reliably able to infer them.\n\n```\nlet mut list: Vec<&str> = Vec::new();\n\nlet _add = |el| {\n    list.push(el);\n};\n```\n\nSee the [Closure type inference and annotation][closure-infere-annotation] and\n[Lifetime elision][lifetime-elision] sections of the Book for more details.\n\n[closure-infere-annotation]: https://doc.rust-lang.org/book/ch13-01-closures.html#closure-type-inference-and-annotation\n[lifetime-elision]: https://doc.rust-lang.org/reference/lifetime-elision.html\n"},"level":"error","spans":[{"file_name":"/home/akshxdevs/.cargo/registry/src/index.crates.io-1949cf8c6b5b557f/protobuf-1.5.1/src/chars.rs","byte_start":727,"byte_end":730,"line_start":37,"line_end":37,"column_start":13,"column_end":16,"is_primary":false,"text":[{"text":"    fn from(src: &'a str) -> Chars {","highlight_start":13,"highlight_end":16}],"label":"`src` is a reference that is only valid in the associated function body","suggested_replacement":null,"suggestion_applicability":null,"expansion":null},{"file_name":"/home/akshxdevs/.cargo/registry/src/index.crates.io-1949cf8c6b5b557f/protobuf-1.5.1/src/chars.rs","byte_start":766,"byte_end":782,"line_start":38,"line_end":38,"column_start":15,"column_end":31,"is_primary":true,"text":[{"text":"        Chars(Bytes::from(src))","highlight_start":15,"highlight_end":31}],"label":"`src` escapes the associated function body here","suggested_replacement":null,"suggestion_applicability":null,"expansion":null},{"file_name":"/home/akshxdevs/.cargo/registry/src/index.crates.io-1949cf8c6b5b557f/protobuf-1.5.1/src/chars.rs","byte_start":685,"byte_end":687,"line_start":36,"line_end":36,"column_start":6,"column_end":8,"is_primary":false,"text":[{"text":"impl<'a> From<&'a str> for Chars {","highlight_start":6,"highlight_end":8}],"label":"lifetime `'a` defined here","suggested_replacement":null,"suggestion_applicability":null,"expansion":null},{"file_name":"/home/akshxdevs/.cargo/registry/src/index.crates.io-1949cf8c6b5b557f/protobuf-1.5.1/src/chars.rs","byte_start":766,"byte_end":782,"line_start":38,"line_end":38,"column_start":15,"column_end":31,"is_primary":true,"text":[{"text":"        Chars(Bytes::from(src))","highlight_start":15,"highlight_end":31}],"label":"argument requires that `'a` must outlive `'static`","suggested_replacement":null,"suggestion_applicability":null,"expansion":null}],"children":[],"rendered":"\u001b[0m\u001b[1m\u001b[38;5;9merror[E0521]\u001b[0m\u001b[0m\u001b[1m: borrowed data escapes outside of associated function\u001b[0m\n\u001b[0m  \u001b[0m\u001b[0m\u001b[1m\u001b[38;5;12m--> \u001b[0m\u001b[0m/home/akshxdevs/.cargo/registry/src/index.crates.io-1949cf8c6b5b557f/protobuf-1.5.1/src/chars.rs:38:15\u001b[0m\n\u001b[0m   \u001b[0m\u001b[0m\u001b[1m\u001b[38;5;12m|\u001b[0m\n\u001b[0m\u001b[1m\u001b[38;5;12m36\u001b[0m\u001b[0m \u001b[0m\u001b[0m\u001b[1m\u001b[38;5;12m|\u001b[0m\u001b[0m \u001b[0m\u001b[0mimpl<'a> From<&'a str> for Chars {\u001b[0m\n\u001b[0m   \u001b[0m\u001b[0m\u001b[1m\u001b[38;5;12m|\u001b[0m\u001b[0m      \u001b[0m\u001b[0m\u001b[1m\u001b[38;5;12m--\u001b[0m\u001b[0m \u001b[0m\u001b[0m\u001b[1m\u001b[38;5;12mlifetime `'a` defined here\u001b[0m\n\u001b[0m\u001b[1m\u001b[38;5;12m37\u001b[0m\u001b[0m \u001b[0m\u001b[0m\u001b[1m\u001b[38;5;12m|\u001b[0m\u001b[0m \u001b[0m\u001b[0m    fn from(src: &'a str) -> Chars {\u001b[0m\n\u001b[0m   \u001b[0m\u001b[0m\u001b[1m\u001b[38;5;12m|\u001b[0m\u001b[0m             \u001b[0m\u001b[0m\u001b[1m\u001b[38;5;12m---\u001b[0m\u001b[0m \u001b[0m\u001b[0m\u001b[1m\u001b[38;5;12m`src` is a reference that is only valid in the associated function body\u001b[0m\n\u001b[0m\u001b[1m\u001b[38;5;12m38\u001b[0m\u001b[0m \u001b[0m\u001b[0m\u001b[1m\u001b[38;5;12m|\u001b[0m\u001b[0m \u001b[0m\u001b[0m        Chars(Bytes::from(src))\u001b[0m\n\u001b[0m   \u001b[0m\u001b[0m\u001b[1m\u001b[38;5;12m|\u001b[0m\u001b[0m               \u001b[0m\u001b[0m\u001b[1m\u001b[38;5;9m^^^^^^^^^^^^^^^^\u001b[0m\n\u001b[0m   \u001b[0m\u001b[0m\u001b[1m\u001b[38;5;12m|\u001b[0m\u001b[0m               \u001b[0m\u001b[0m\u001b[1m\u001b[38;5;9m|\u001b[0m\n\u001b[0m   \u001b[0m\u001b[0m\u001b[1m\u001b[38;5;12m|\u001b[0m\u001b[0m               \u001b[0m\u001b[0m\u001b[1m\u001b[38;5;9m`src` escapes the associated function body here\u001b[0m\n\u001b[0m   \u001b[0m\u001b[0m\u001b[1m\u001b[38;5;12m|\u001b[0m\u001b[0m               \u001b[0m\u001b[0m\u001b[1m\u001b[38;5;9margument requires that `'a` must outlive `'static`\u001b[0m\n\n"}
{"$message_type":"diagnostic","message":"aborting due to 4 previous errors","code":null,"level":"error","spans":[],"children":[],"rendered":"\u001b[0m\u001b[1m\u001b[38;5;9merror\u001b[0m\u001b[0m\u001b[1m: aborting due to 4 previous errors\u001b[0m\n\n"}
{"$message_type":"diagnostic","message":"Some errors have detailed explanations: E0061, E0277, E0308, E0521.","code":null,"level":"failure-note","spans":[],"children":[],"rendered":"\u001b[0m\u001b[1mSome errors have detailed explanations: E0061, E0277, E0308, E0521.\u001b[0m\n"}
{"$message_type":"diagnostic","message":"For more information about an error, try `rustc --explain E0061`.","code":null,"level":"failure-note","spans":[],"children":[],"rendered":"\u001b[0m\u001b[1mFor more information about an error, try `rustc --explain E0061`.\u001b[0m\n"}
